Use filename /local/huzaifa/PartInfer/results/partinfer_results/cnn_dailymail/results[10000000]/modified_opt-6.7b.json

Mask is successfully created!
PARTINFER: Use Mask for partial loading, mask file: /local/huzaifa/PartInfer/neuron_files/mask2.pkl

Loading checkpoint shards:   0%|          | 0/2 [00:00<?, ?it/s]
Loading checkpoint shards:  50%|█████     | 1/2 [00:02<00:02,  2.58s/it]
Loading checkpoint shards: 100%|██████████| 2/2 [00:03<00:00,  1.60s/it]
Loading checkpoint shards: 100%|██████████| 2/2 [00:03<00:00,  1.75s/it]
Done. Loaded model in 3.93 seconds.


Convert Opt Models: 0it [00:00, ?it/s]
Convert Opt Models: 360it [00:00, 39549.21it/s]
`pretrained` model kwarg is not of type `str`. Many other model arguments may be ignored. Please do not launch via accelerate or use `parallelize=True` if passing an existing model this way.
Passed an already-initialized model through `pretrained`, assuming single-process call to evaluate() or custom distributed integration
None: No `generation_kwargs` specified in task config, defaulting to {'until': ['\n\n'], 'do_sample': False, 'temperature': 0}
Overwriting default num_fewshot of cnn_dailymail from None to 6
Converting model opt-6.7b using method partinfer...
Done. Converted model in 0.13 seconds.neuron_files


  0%|          | 0/11490 [00:00<?, ?it/s]
 15%|█▌        | 1733/11490 [00:00<00:00, 17328.53it/s]
 30%|███       | 3466/11490 [00:00<00:00, 17193.27it/s]
 45%|████▌     | 5186/11490 [00:00<00:00, 16760.73it/s]
 60%|█████▉    | 6864/11490 [00:00<00:00, 16428.46it/s]
 74%|███████▍  | 8508/11490 [00:00<00:00, 16181.99it/s]
 88%|████████▊ | 10127/11490 [00:00<00:00, 15934.01it/s]
100%|██████████| 11490/11490 [00:00<00:00, 16179.10it/s]

Running generate_until requests:   0%|          | 0/11490 [00:00<?, ?it/s]Use filename /local/huzaifa/PartInfer/results/partinfer_results/piqa/results[10000000]/modified_opt-6.7b.json

Mask is successfully created!
PARTINFER: Use Mask for partial loading, mask file: /local/huzaifa/PartInfer/neurons_files/mask.pkl

Loading checkpoint shards:   0%|          | 0/2 [00:00<?, ?it/s]
Loading checkpoint shards:  50%|█████     | 1/2 [00:02<00:02,  2.65s/it]
Loading checkpoint shards: 100%|██████████| 2/2 [00:03<00:00,  1.63s/it]
Loading checkpoint shards: 100%|██████████| 2/2 [00:03<00:00,  1.78s/it]
Done. Loaded model in 3.98 seconds.


Convert Opt Models: 0it [00:00, ?it/s]
Convert Opt Models: 360it [00:00, 40212.77it/s]
`pretrained` model kwarg is not of type `str`. Many other model arguments may be ignored. Please do not launch via accelerate or use `parallelize=True` if passing an existing model this way.
Passed an already-initialized model through `pretrained`, assuming single-process call to evaluate() or custom distributed integration
Overwriting default num_fewshot of piqa from None to 6
Converting model opt-6.7b using method partinfer...
Done. Converted model in 0.13 seconds.


  0%|          | 0/1838 [00:00<?, ?it/s]
  2%|▏         | 36/1838 [00:00<00:05, 356.64it/s]
  4%|▍         | 73/1838 [00:00<00:04, 359.64it/s]
  6%|▌         | 110/1838 [00:00<00:04, 361.76it/s]
  8%|▊         | 147/1838 [00:00<00:04, 362.83it/s]
 10%|█         | 184/1838 [00:00<00:04, 363.17it/s]
 12%|█▏        | 221/1838 [00:00<00:04, 362.83it/s]
 14%|█▍        | 258/1838 [00:00<00:04, 362.43it/s]
 16%|█▌        | 295/1838 [00:00<00:04, 362.31it/s]
 18%|█▊        | 332/1838 [00:00<00:04, 362.19it/s]
 20%|██        | 369/1838 [00:01<00:04, 361.98it/s]
 22%|██▏       | 406/1838 [00:01<00:03, 361.64it/s]
 24%|██▍       | 443/1838 [00:01<00:03, 360.59it/s]
 26%|██▌       | 480/1838 [00:01<00:03, 359.57it/s]
 28%|██▊       | 516/1838 [00:01<00:03, 359.25it/s]
 30%|███       | 552/1838 [00:01<00:03, 359.36it/s]
 32%|███▏      | 588/1838 [00:01<00:03, 358.99it/s]
 34%|███▍      | 624/1838 [00:01<00:03, 358.78it/s]
 36%|███▌      | 660/1838 [00:01<00:03, 359.01it/s]
 38%|███▊      | 696/1838 [00:01<00:03, 359.19it/s]
 40%|███▉      | 732/1838 [00:02<00:03, 358.59it/s]
 42%|████▏     | 768/1838 [00:02<00:02, 358.58it/s]
 44%|████▎     | 804/1838 [00:02<00:02, 359.00it/s]
 46%|████▌     | 840/1838 [00:02<00:02, 359.07it/s]
 48%|████▊     | 877/1838 [00:02<00:02, 359.52it/s]
 50%|████▉     | 913/1838 [00:02<00:02, 358.93it/s]
 52%|█████▏    | 950/1838 [00:02<00:02, 359.27it/s]
 54%|█████▎    | 986/1838 [00:02<00:02, 359.16it/s]
 56%|█████▌    | 1022/1838 [00:02<00:02, 359.03it/s]
 58%|█████▊    | 1058/1838 [00:02<00:02, 358.97it/s]
 60%|█████▉    | 1094/1838 [00:03<00:02, 358.97it/s]
 61%|██████▏   | 1130/1838 [00:03<00:01, 358.07it/s]
 63%|██████▎   | 1166/1838 [00:03<00:01, 357.55it/s]
 65%|██████▌   | 1202/1838 [00:03<00:01, 354.07it/s]
 67%|██████▋   | 1238/1838 [00:03<00:01, 355.52it/s]
 69%|██████▉   | 1274/1838 [00:03<00:01, 356.66it/s]
 71%|███████▏  | 1310/1838 [00:03<00:01, 357.41it/s]
 73%|███████▎  | 1346/1838 [00:03<00:01, 358.14it/s]
 75%|███████▌  | 1383/1838 [00:03<00:01, 359.18it/s]
 77%|███████▋  | 1420/1838 [00:03<00:01, 359.73it/s]
 79%|███████▉  | 1456/1838 [00:04<00:01, 359.33it/s]
 81%|████████  | 1492/1838 [00:04<00:00, 359.02it/s]
 83%|████████▎ | 1528/1838 [00:04<00:00, 358.64it/s]
 85%|████████▌ | 1565/1838 [00:04<00:00, 359.11it/s]
 87%|████████▋ | 1601/1838 [00:04<00:00, 359.13it/s]
 89%|████████▉ | 1637/1838 [00:04<00:00, 359.34it/s]
 91%|█████████ | 1673/1838 [00:04<00:00, 358.08it/s]
 93%|█████████▎| 1709/1838 [00:04<00:00, 356.30it/s]
 95%|█████████▍| 1745/1838 [00:04<00:00, 355.00it/s]
 97%|█████████▋| 1781/1838 [00:04<00:00, 353.58it/s]
 99%|█████████▉| 1817/1838 [00:05<00:00, 352.71it/s]
100%|██████████| 1838/1838 [00:05<00:00, 358.53it/s]

Running loglikelihood requests:   0%|          | 0/3676 [00:00<?, ?it/s]
Running loglikelihood requests:   0%|          | 1/3676 [00:00<22:56,  2.67it/s]
Running loglikelihood requests:   0%|          | 2/3676 [00:00<17:19,  3.54it/s]
Running loglikelihood requests:   0%|          | 3/3676 [00:00<15:32,  3.94it/s]
Running loglikelihood requests:   0%|          | 4/3676 [00:01<14:37,  4.19it/s]
Running loglikelihood requests:   0%|          | 5/3676 [00:01<14:05,  4.34it/s]
Running loglikelihood requests:   0%|          | 6/3676 [00:01<13:48,  4.43it/s]
Running loglikelihood requests:   0%|          | 7/3676 [00:01<13:35,  4.50it/s]
Running loglikelihood requests:   0%|          | 8/3676 [00:01<13:26,  4.55it/s]
Running loglikelihood requests:   0%|          | 9/3676 [00:02<13:13,  4.62it/s]
Running loglikelihood requests:   0%|          | 10/3676 [00:02<13:06,  4.66it/s]
Running loglikelihood requests:   0%|          | 11/3676 [00:02<13:04,  4.67it/s]
Running loglikelihood requests:   0%|          | 12/3676 [00:02<13:00,  4.69it/s]
Running loglikelihood requests:   0%|          | 13/3676 [00:02<12:55,  4.72it/s]
Running loglikelihood requests:   0%|          | 14/3676 [00:03<12:52,  4.74it/s]
Running loglikelihood requests:   0%|          | 15/3676 [00:03<12:48,  4.77it/s]
Running loglikelihood requests:   0%|          | 16/3676 [00:03<12:44,  4.79it/s]
Running loglikelihood requests:   0%|          | 17/3676 [00:03<12:42,  4.80it/s]
Running loglikelihood requests:   0%|          | 18/3676 [00:03<12:39,  4.81it/s]
Running loglikelihood requests:   1%|          | 19/3676 [00:04<12:38,  4.82it/s]
Running loglikelihood requests:   1%|          | 20/3676 [00:04<12:38,  4.82it/s]
Running loglikelihood requests:   1%|          | 21/3676 [00:04<12:36,  4.83it/s]
Running loglikelihood requests:   1%|          | 22/3676 [00:04<12:35,  4.83it/s]
Running loglikelihood requests:   1%|          | 23/3676 [00:05<12:32,  4.86it/s]
Running loglikelihood requests:   1%|          | 24/3676 [00:05<12:29,  4.87it/s]
Running loglikelihood requests:   1%|          | 25/3676 [00:05<12:28,  4.88it/s]
Running loglikelihood requests:   1%|          | 26/3676 [00:05<12:27,  4.88it/s]
Running loglikelihood requests:   1%|          | 27/3676 [00:05<12:27,  4.88it/s]
Running loglikelihood requests:   1%|          | 28/3676 [00:06<12:27,  4.88it/s]
Running loglikelihood requests:   1%|          | 29/3676 [00:06<12:26,  4.89it/s]
Running loglikelihood requests:   1%|          | 30/3676 [00:06<12:25,  4.89it/s]
Running loglikelihood requests:   1%|          | 31/3676 [00:06<12:25,  4.89it/s]
Running loglikelihood requests:   1%|          | 32/3676 [00:06<12:25,  4.89it/s]
Running loglikelihood requests:   1%|          | 33/3676 [00:07<12:24,  4.89it/s]
Running loglikelihood requests:   1%|          | 34/3676 [00:07<12:23,  4.90it/s]
Running loglikelihood requests:   1%|          | 35/3676 [00:07<12:23,  4.90it/s]
Running loglikelihood requests:   1%|          | 36/3676 [00:07<12:24,  4.89it/s]
Running loglikelihood requests:   1%|          | 37/3676 [00:07<12:24,  4.89it/s]
Running loglikelihood requests:   1%|          | 38/3676 [00:08<12:23,  4.90it/s]
Running loglikelihood requests:   1%|          | 39/3676 [00:08<12:22,  4.90it/s]
Running loglikelihood requests:   1%|          | 40/3676 [00:08<12:22,  4.90it/s]
Running loglikelihood requests:   1%|          | 41/3676 [00:08<12:22,  4.89it/s]
Running loglikelihood requests:   1%|          | 42/3676 [00:08<12:22,  4.90it/s]
Running loglikelihood requests:   1%|          | 43/3676 [00:09<12:13,  4.95it/s]
Running loglikelihood requests:   1%|          | 44/3676 [00:09<12:04,  5.01it/s]
Running loglikelihood requests:   1%|          | 45/3676 [00:09<11:58,  5.05it/s]
Running loglikelihood requests:   1%|▏         | 46/3676 [00:09<11:54,  5.08it/s]
Running loglikelihood requests:   1%|▏         | 47/3676 [00:09<11:50,  5.10it/s]
Running loglikelihood requests:   1%|▏         | 48/3676 [00:10<11:49,  5.12it/s]
Running loglikelihood requests:   1%|▏         | 49/3676 [00:10<11:47,  5.13it/s]
Running loglikelihood requests:   1%|▏         | 50/3676 [00:10<11:45,  5.14it/s]
Running loglikelihood requests:   1%|▏         | 51/3676 [00:10<11:44,  5.14it/s]
Running loglikelihood requests:   1%|▏         | 52/3676 [00:10<11:43,  5.15it/s]
Running loglikelihood requests:   1%|▏         | 53/3676 [00:11<11:43,  5.15it/s]
Running loglikelihood requests:   1%|▏         | 54/3676 [00:11<11:42,  5.16it/s]
Running loglikelihood requests:   1%|▏         | 55/3676 [00:11<11:41,  5.16it/s]
Running loglikelihood requests:   2%|▏         | 56/3676 [00:11<11:41,  5.16it/s]
Running loglikelihood requests:   2%|▏         | 57/3676 [00:11<11:41,  5.16it/s]
Running loglikelihood requests:   2%|▏         | 58/3676 [00:11<11:40,  5.17it/s]
Running loglikelihood requests:   2%|▏         | 59/3676 [00:12<11:39,  5.17it/s]
Running loglikelihood requests:   2%|▏         | 60/3676 [00:12<11:38,  5.18it/s]
Running loglikelihood requests:   2%|▏         | 61/3676 [00:12<11:37,  5.18it/s]
Running loglikelihood requests:   2%|▏         | 62/3676 [00:12<11:37,  5.18it/s]
Running loglikelihood requests:   2%|▏         | 63/3676 [00:12<11:37,  5.18it/s]
Running loglikelihood requests:   2%|▏         | 64/3676 [00:13<11:36,  5.18it/s]
Running loglikelihood requests:   2%|▏         | 65/3676 [00:13<11:36,  5.19it/s]
Running loglikelihood requests:   2%|▏         | 66/3676 [00:13<11:36,  5.19it/s]
Running loglikelihood requests:   2%|▏         | 67/3676 [00:13<11:35,  5.19it/s]
Running loglikelihood requests:   2%|▏         | 68/3676 [00:13<11:35,  5.19it/s]
Running loglikelihood requests:   2%|▏         | 69/3676 [00:14<11:35,  5.19it/s]
Running loglikelihood requests:   2%|▏         | 70/3676 [00:14<11:34,  5.19it/s]
Running loglikelihood requests:   2%|▏         | 71/3676 [00:14<11:34,  5.19it/s]
Running loglikelihood requests:   2%|▏         | 72/3676 [00:14<11:34,  5.19it/s]
Running loglikelihood requests:   2%|▏         | 73/3676 [00:14<11:34,  5.19it/s]
Running loglikelihood requests:   2%|▏         | 74/3676 [00:15<11:34,  5.19it/s]
Running loglikelihood requests:   2%|▏         | 75/3676 [00:15<11:34,  5.19it/s]
Running loglikelihood requests:   2%|▏         | 76/3676 [00:15<11:33,  5.19it/s]
Running loglikelihood requests:   2%|▏         | 77/3676 [00:15<11:33,  5.19it/s]
Running loglikelihood requests:   2%|▏         | 78/3676 [00:15<11:33,  5.19it/s]
Running loglikelihood requests:   2%|▏         | 79/3676 [00:16<11:33,  5.19it/s]
Running loglikelihood requests:   2%|▏         | 80/3676 [00:16<11:32,  5.19it/s]
Running loglikelihood requests:   2%|▏         | 81/3676 [00:16<11:32,  5.19it/s]
Running loglikelihood requests:   2%|▏         | 82/3676 [00:16<11:31,  5.19it/s]
Running loglikelihood requests:   2%|▏         | 83/3676 [00:16<11:32,  5.19it/s]
Running loglikelihood requests:   2%|▏         | 84/3676 [00:16<11:05,  5.39it/s]
Running loglikelihood requests:   2%|▏         | 85/3676 [00:17<10:47,  5.55it/s]
Running loglikelihood requests:   2%|▏         | 86/3676 [00:17<10:34,  5.66it/s]
Running loglikelihood requests:   2%|▏         | 87/3676 [00:17<10:25,  5.74it/s]
Running loglikelihood requests:   2%|▏         | 88/3676 [00:17<10:18,  5.80it/s]
Running loglikelihood requests:   2%|▏         | 89/3676 [00:17<10:14,  5.84it/s]
Running loglikelihood requests:   2%|▏         | 90/3676 [00:17<10:10,  5.87it/s]
Running loglikelihood requests:   2%|▏         | 91/3676 [00:18<10:06,  5.91it/s]
Running loglikelihood requests:   3%|▎         | 92/3676 [00:18<10:03,  5.94it/s]
Running loglikelihood requests:   3%|▎         | 93/3676 [00:18<10:01,  5.96it/s]
Running loglikelihood requests:   3%|▎         | 94/3676 [00:18<09:59,  5.97it/s]
Running loglikelihood requests:   3%|▎         | 95/3676 [00:18<09:58,  5.98it/s]
Running loglikelihood requests:   3%|▎         | 96/3676 [00:18<09:57,  5.99it/s]
Running loglikelihood requests:   3%|▎         | 97/3676 [00:19<09:56,  6.00it/s]
Running loglikelihood requests:   3%|▎         | 98/3676 [00:19<09:56,  6.00it/s]
Running loglikelihood requests:   3%|▎         | 99/3676 [00:19<09:55,  6.01it/s]
Running loglikelihood requests:   3%|▎         | 100/3676 [00:19<09:55,  6.01it/s]
Running loglikelihood requests:   3%|▎         | 101/3676 [00:19<09:54,  6.01it/s]
Running loglikelihood requests:   3%|▎         | 102/3676 [00:19<09:54,  6.01it/s]
Running loglikelihood requests:   3%|▎         | 103/3676 [00:20<09:54,  6.01it/s]
Running loglikelihood requests:   3%|▎         | 104/3676 [00:20<09:54,  6.01it/s]
Running loglikelihood requests:   3%|▎         | 105/3676 [00:20<09:54,  6.01it/s]
Running loglikelihood requests:   3%|▎         | 106/3676 [00:20<09:53,  6.01it/s]
Running loglikelihood requests:   3%|▎         | 107/3676 [00:20<09:53,  6.01it/s]
Running loglikelihood requests:   3%|▎         | 108/3676 [00:20<09:53,  6.01it/s]
Running loglikelihood requests:   3%|▎         | 109/3676 [00:21<09:53,  6.01it/s]
Running loglikelihood requests:   3%|▎         | 110/3676 [00:21<09:53,  6.01it/s]
Running loglikelihood requests:   3%|▎         | 111/3676 [00:21<09:53,  6.01it/s]
Running loglikelihood requests:   3%|▎         | 112/3676 [00:21<09:52,  6.01it/s]
Running loglikelihood requests:   3%|▎         | 113/3676 [00:21<09:52,  6.02it/s]
Running loglikelihood requests:   3%|▎         | 114/3676 [00:21<09:52,  6.02it/s]
Running loglikelihood requests:   3%|▎         | 115/3676 [00:22<09:51,  6.02it/s]
Running loglikelihood requests:   3%|▎         | 116/3676 [00:22<09:51,  6.02it/s]
Running loglikelihood requests:   3%|▎         | 117/3676 [00:22<09:51,  6.02it/s]
Running loglikelihood requests:   3%|▎         | 118/3676 [00:22<09:51,  6.02it/s]
Running loglikelihood requests:   3%|▎         | 119/3676 [00:22<09:50,  6.02it/s]
Running loglikelihood requests:   3%|▎         | 120/3676 [00:22<09:50,  6.02it/s]
Running loglikelihood requests:   3%|▎         | 121/3676 [00:23<09:50,  6.02it/s]
Running loglikelihood requests:   3%|▎         | 122/3676 [00:23<09:50,  6.02it/s]
Running loglikelihood requests:   3%|▎         | 123/3676 [00:23<09:50,  6.02it/s]
Running loglikelihood requests:   3%|▎         | 124/3676 [00:23<09:50,  6.01it/s]
Running loglikelihood requests:   3%|▎         | 125/3676 [00:23<09:50,  6.02it/s]
Running loglikelihood requests:   3%|▎         | 126/3676 [00:23<09:49,  6.02it/s]
Running loglikelihood requests:   3%|▎         | 127/3676 [00:24<09:49,  6.02it/s]
Running loglikelihood requests:   3%|▎         | 128/3676 [00:24<09:49,  6.02it/s]
Running loglikelihood requests:   4%|▎         | 129/3676 [00:24<09:49,  6.02it/s]
Running loglikelihood requests:   4%|▎         | 130/3676 [00:24<09:48,  6.02it/s]
Running loglikelihood requests:   4%|▎         | 131/3676 [00:24<09:48,  6.02it/s]
Running loglikelihood requests:   4%|▎         | 132/3676 [00:24<09:48,  6.02it/s]
Running loglikelihood requests:   4%|▎         | 133/3676 [00:25<09:48,  6.02it/s]
Running loglikelihood requests:   4%|▎         | 134/3676 [00:25<09:48,  6.02it/s]
Running loglikelihood requests:   4%|▎         | 135/3676 [00:25<09:47,  6.02it/s]
Running loglikelihood requests:   4%|▎         | 136/3676 [00:25<09:47,  6.02it/s]
Running loglikelihood requests:   4%|▎         | 137/3676 [00:25<09:47,  6.02it/s]
Running loglikelihood requests:   4%|▍         | 138/3676 [00:25<09:47,  6.02it/s]
Running loglikelihood requests:   4%|▍         | 139/3676 [00:26<09:46,  6.03it/s]
Running loglikelihood requests:   4%|▍         | 140/3676 [00:26<09:45,  6.04it/s]
Running loglikelihood requests:   4%|▍         | 141/3676 [00:26<09:44,  6.05it/s]
Running loglikelihood requests:   4%|▍         | 142/3676 [00:26<09:43,  6.06it/s]
Running loglikelihood requests:   4%|▍         | 143/3676 [00:26<09:42,  6.06it/s]
Running loglikelihood requests:   4%|▍         | 144/3676 [00:26<09:42,  6.06it/s]
Running loglikelihood requests:   4%|▍         | 145/3676 [00:27<09:42,  6.07it/s]
Running loglikelihood requests:   4%|▍         | 146/3676 [00:27<09:41,  6.07it/s]
Running loglikelihood requests:   4%|▍         | 147/3676 [00:27<09:41,  6.07it/s]
Running loglikelihood requests:   4%|▍         | 148/3676 [00:27<09:41,  6.07it/s]
Running loglikelihood requests:   4%|▍         | 149/3676 [00:27<09:41,  6.07it/s]
Running loglikelihood requests:   4%|▍         | 150/3676 [00:27<09:40,  6.07it/s]
Running loglikelihood requests:   4%|▍         | 151/3676 [00:28<09:40,  6.07it/s]
Running loglikelihood requests:   4%|▍         | 152/3676 [00:28<09:40,  6.07it/s]
Running loglikelihood requests:   4%|▍         | 153/3676 [00:28<09:40,  6.07it/s]
Running loglikelihood requests:   4%|▍         | 154/3676 [00:28<09:39,  6.08it/s]
Running loglikelihood requests:   4%|▍         | 155/3676 [00:28<09:39,  6.08it/s]
Running loglikelihood requests:   4%|▍         | 156/3676 [00:28<09:39,  6.08it/s]
Running loglikelihood requests:   4%|▍         | 157/3676 [00:29<09:39,  6.08it/s]
Running loglikelihood requests:   4%|▍         | 158/3676 [00:29<09:38,  6.08it/s]
Running loglikelihood requests:   4%|▍         | 159/3676 [00:29<09:38,  6.08it/s]
Running loglikelihood requests:   4%|▍         | 160/3676 [00:29<09:38,  6.08it/s]
Running loglikelihood requests:   4%|▍         | 161/3676 [00:29<09:38,  6.08it/s]
Running loglikelihood requests:   4%|▍         | 162/3676 [00:29<09:38,  6.07it/s]
Running loglikelihood requests:   4%|▍         | 163/3676 [00:30<09:38,  6.08it/s]
Running loglikelihood requests:   4%|▍         | 164/3676 [00:30<09:37,  6.08it/s]
Running loglikelihood requests:   4%|▍         | 165/3676 [00:30<09:36,  6.09it/s]
Running loglikelihood requests:   5%|▍         | 166/3676 [00:30<09:35,  6.10it/s]
Running loglikelihood requests:   5%|▍         | 167/3676 [00:30<09:34,  6.10it/s]
Running loglikelihood requests:   5%|▍         | 168/3676 [00:30<09:34,  6.11it/s]
Running loglikelihood requests:   5%|▍         | 169/3676 [00:31<09:33,  6.12it/s]
Running loglikelihood requests:   5%|▍         | 170/3676 [00:31<09:33,  6.12it/s]
Running loglikelihood requests:   5%|▍         | 171/3676 [00:31<09:32,  6.12it/s]
Running loglikelihood requests:   5%|▍         | 172/3676 [00:31<09:32,  6.12it/s]
Running loglikelihood requests:   5%|▍         | 173/3676 [00:31<09:32,  6.12it/s]
Running loglikelihood requests:   5%|▍         | 174/3676 [00:31<09:32,  6.12it/s]
Running loglikelihood requests:   5%|▍         | 175/3676 [00:32<09:31,  6.12it/s]
Running loglikelihood requests:   5%|▍         | 176/3676 [00:32<09:31,  6.12it/s]
Running loglikelihood requests:   5%|▍         | 177/3676 [00:32<09:31,  6.12it/s]
Running loglikelihood requests:   5%|▍         | 178/3676 [00:32<09:31,  6.12it/s]
Running loglikelihood requests:   5%|▍         | 179/3676 [00:32<09:31,  6.12it/s]
Running loglikelihood requests:   5%|▍         | 180/3676 [00:32<09:30,  6.12it/s]
Running loglikelihood requests:   5%|▍         | 181/3676 [00:33<09:30,  6.13it/s]
Running loglikelihood requests:   5%|▍         | 182/3676 [00:33<09:30,  6.13it/s]
Running loglikelihood requests:   5%|▍         | 183/3676 [00:33<09:30,  6.13it/s]
Running loglikelihood requests:   5%|▌         | 184/3676 [00:33<09:30,  6.13it/s]
Running loglikelihood requests:   5%|▌         | 185/3676 [00:33<09:30,  6.12it/s]
Running loglikelihood requests:   5%|▌         | 186/3676 [00:33<09:29,  6.13it/s]
Running loglikelihood requests:   5%|▌         | 187/3676 [00:34<09:29,  6.13it/s]
Running loglikelihood requests:   5%|▌         | 188/3676 [00:34<09:29,  6.13it/s]
Running loglikelihood requests:   5%|▌         | 189/3676 [00:34<09:29,  6.13it/s]
Running loglikelihood requests:   5%|▌         | 190/3676 [00:34<09:29,  6.13it/s]
Running loglikelihood requests:   5%|▌         | 191/3676 [00:34<09:28,  6.13it/s]
Running loglikelihood requests:   5%|▌         | 192/3676 [00:34<09:28,  6.13it/s]
Running loglikelihood requests:   5%|▌         | 193/3676 [00:34<09:28,  6.13it/s]
Running loglikelihood requests:   5%|▌         | 194/3676 [00:35<09:28,  6.13it/s]
Running loglikelihood requests:   5%|▌         | 195/3676 [00:35<09:27,  6.13it/s]
Running loglikelihood requests:   5%|▌         | 196/3676 [00:35<09:27,  6.13it/s]
Running loglikelihood requests:   5%|▌         | 197/3676 [00:35<09:27,  6.13it/s]
Running loglikelihood requests:   5%|▌         | 198/3676 [00:35<09:27,  6.13it/s]
Running loglikelihood requests:   5%|▌         | 199/3676 [00:35<09:26,  6.13it/s]
Running loglikelihood requests:   5%|▌         | 200/3676 [00:36<09:26,  6.14it/s]
Running loglikelihood requests:   5%|▌         | 201/3676 [00:36<09:26,  6.14it/s]
Running loglikelihood requests:   5%|▌         | 202/3676 [00:36<09:26,  6.14it/s]
Running loglikelihood requests:   6%|▌         | 203/3676 [00:36<09:25,  6.14it/s]
Running loglikelihood requests:   6%|▌         | 204/3676 [00:36<09:25,  6.14it/s]
Running loglikelihood requests:   6%|▌         | 205/3676 [00:36<09:25,  6.14it/s]
Running loglikelihood requests:   6%|▌         | 206/3676 [00:37<09:25,  6.14it/s]
Running loglikelihood requests:   6%|▌         | 207/3676 [00:37<09:25,  6.14it/s]
Running loglikelihood requests:   6%|▌         | 208/3676 [00:37<09:25,  6.13it/s]
Running loglikelihood requests:   6%|▌         | 209/3676 [00:37<09:25,  6.14it/s]
Running loglikelihood requests:   6%|▌         | 210/3676 [00:37<09:25,  6.13it/s]
Running loglikelihood requests:   6%|▌         | 211/3676 [00:37<09:25,  6.13it/s]
Running loglikelihood requests:   6%|▌         | 212/3676 [00:38<09:24,  6.13it/s]
Running loglikelihood requests:   6%|▌         | 213/3676 [00:38<09:24,  6.13it/s]
Running loglikelihood requests:   6%|▌         | 214/3676 [00:38<09:24,  6.13it/s]
Running loglikelihood requests:   6%|▌         | 215/3676 [00:38<09:24,  6.13it/s]
Running loglikelihood requests:   6%|▌         | 216/3676 [00:38<09:24,  6.13it/s]
Running loglikelihood requests:   6%|▌         | 217/3676 [00:38<09:24,  6.13it/s]
Running loglikelihood requests:   6%|▌         | 218/3676 [00:39<09:24,  6.13it/s]
Running loglikelihood requests:   6%|▌         | 219/3676 [00:39<09:23,  6.13it/s]
Running loglikelihood requests:   6%|▌         | 220/3676 [00:39<09:23,  6.13it/s]
Running loglikelihood requests:   6%|▌         | 221/3676 [00:39<09:23,  6.13it/s]
Running loglikelihood requests:   6%|▌         | 222/3676 [00:39<09:23,  6.13it/s]
Running loglikelihood requests:   6%|▌         | 223/3676 [00:39<09:23,  6.13it/s]
Running loglikelihood requests:   6%|▌         | 224/3676 [00:40<09:23,  6.13it/s]
Running loglikelihood requests:   6%|▌         | 225/3676 [00:40<09:22,  6.13it/s]
Running loglikelihood requests:   6%|▌         | 226/3676 [00:40<09:22,  6.13it/s]
Running loglikelihood requests:   6%|▌         | 227/3676 [00:40<09:22,  6.13it/s]
Running loglikelihood requests:   6%|▌         | 228/3676 [00:40<09:21,  6.14it/s]
Running loglikelihood requests:   6%|▌         | 229/3676 [00:40<09:21,  6.13it/s]
Running loglikelihood requests:   6%|▋         | 230/3676 [00:41<09:21,  6.13it/s]
Running loglikelihood requests:   6%|▋         | 231/3676 [00:41<09:21,  6.13it/s]
Running loglikelihood requests:   6%|▋         | 232/3676 [00:41<09:21,  6.13it/s]
Running loglikelihood requests:   6%|▋         | 233/3676 [00:41<09:21,  6.13it/s]
Running loglikelihood requests:   6%|▋         | 234/3676 [00:41<09:21,  6.13it/s]
Running loglikelihood requests:   6%|▋         | 235/3676 [00:41<09:21,  6.13it/s]
Running loglikelihood requests:   6%|▋         | 236/3676 [00:41<09:21,  6.13it/s]
Running loglikelihood requests:   6%|▋         | 237/3676 [00:42<09:20,  6.13it/s]
Running loglikelihood requests:   6%|▋         | 238/3676 [00:42<09:16,  6.18it/s]
Running loglikelihood requests:   7%|▋         | 239/3676 [00:42<09:13,  6.21it/s]
Running loglikelihood requests:   7%|▋         | 240/3676 [00:42<09:10,  6.24it/s]
Running loglikelihood requests:   7%|▋         | 241/3676 [00:42<09:08,  6.26it/s]
Running loglikelihood requests:   7%|▋         | 242/3676 [00:42<09:07,  6.27it/s]
Running loglikelihood requests:   7%|▋         | 243/3676 [00:43<09:06,  6.28it/s]
Running loglikelihood requests:   7%|▋         | 244/3676 [00:43<09:05,  6.29it/s]
Running loglikelihood requests:   7%|▋         | 245/3676 [00:43<09:05,  6.29it/s]
Running loglikelihood requests:   7%|▋         | 246/3676 [00:43<09:04,  6.30it/s]
Running loglikelihood requests:   7%|▋         | 247/3676 [00:43<09:04,  6.30it/s]
Running loglikelihood requests:   7%|▋         | 248/3676 [00:43<09:03,  6.30it/s]
Running loglikelihood requests:   7%|▋         | 249/3676 [00:44<09:03,  6.30it/s]
Running loglikelihood requests:   7%|▋         | 250/3676 [00:44<09:03,  6.31it/s]
Running loglikelihood requests:   7%|▋         | 251/3676 [00:44<09:03,  6.31it/s]
Running loglikelihood requests:   7%|▋         | 252/3676 [00:44<09:03,  6.31it/s]
Running loglikelihood requests:   7%|▋         | 253/3676 [00:44<09:02,  6.31it/s]
Running loglikelihood requests:   7%|▋         | 254/3676 [00:44<09:02,  6.31it/s]
Running loglikelihood requests:   7%|▋         | 255/3676 [00:45<09:02,  6.31it/s]
Running loglikelihood requests:   7%|▋         | 257/3676 [00:45<06:57,  8.20it/s]
Running loglikelihood requests:   7%|▋         | 258/3676 [00:45<07:28,  7.63it/s]
Running loglikelihood requests:   7%|▋         | 259/3676 [00:45<07:50,  7.27it/s]
Running loglikelihood requests:   7%|▋         | 260/3676 [00:45<08:07,  7.01it/s]
Running loglikelihood requests:   7%|▋         | 261/3676 [00:45<08:19,  6.83it/s]
Running loglikelihood requests:   7%|▋         | 262/3676 [00:45<08:29,  6.70it/s]
Running loglikelihood requests:   7%|▋         | 263/3676 [00:46<08:35,  6.62it/s]
Running loglikelihood requests:   7%|▋         | 264/3676 [00:46<08:40,  6.55it/s]
Running loglikelihood requests:   7%|▋         | 265/3676 [00:46<08:43,  6.51it/s]
Running loglikelihood requests:   7%|▋         | 266/3676 [00:46<08:46,  6.48it/s]
Running loglikelihood requests:   7%|▋         | 267/3676 [00:46<08:50,  6.42it/s]
Running loglikelihood requests:   7%|▋         | 268/3676 [00:46<08:51,  6.42it/s]
Running loglikelihood requests:   7%|▋         | 269/3676 [00:47<08:50,  6.42it/s]
Running loglikelihood requests:   7%|▋         | 270/3676 [00:47<08:50,  6.42it/s]
Running loglikelihood requests:   7%|▋         | 271/3676 [00:47<08:50,  6.42it/s]
Running loglikelihood requests:   7%|▋         | 272/3676 [00:47<08:50,  6.42it/s]
Running loglikelihood requests:   7%|▋         | 273/3676 [00:47<08:50,  6.42it/s]
Running loglikelihood requests:   7%|▋         | 274/3676 [00:47<08:50,  6.42it/s]
Running loglikelihood requests:   7%|▋         | 275/3676 [00:47<08:50,  6.42it/s]
Running loglikelihood requests:   8%|▊         | 276/3676 [00:48<08:50,  6.41it/s]
Running loglikelihood requests:   8%|▊         | 277/3676 [00:48<08:49,  6.41it/s]
Running loglikelihood requests:   8%|▊         | 278/3676 [00:48<08:49,  6.41it/s]
Running loglikelihood requests:   8%|▊         | 279/3676 [00:48<08:49,  6.41it/s]
Running loglikelihood requests:   8%|▊         | 280/3676 [00:48<08:49,  6.41it/s]
Running loglikelihood requests:   8%|▊         | 281/3676 [00:48<08:49,  6.41it/s]
Running loglikelihood requests:   8%|▊         | 282/3676 [00:49<08:49,  6.41it/s]
Running loglikelihood requests:   8%|▊         | 283/3676 [00:49<08:49,  6.41it/s]
Running loglikelihood requests:   8%|▊         | 284/3676 [00:49<08:48,  6.41it/s]
Running loglikelihood requests:   8%|▊         | 285/3676 [00:49<08:48,  6.41it/s]
Running loglikelihood requests:   8%|▊         | 286/3676 [00:49<08:48,  6.41it/s]
Running loglikelihood requests:   8%|▊         | 287/3676 [00:49<08:48,  6.41it/s]
Running loglikelihood requests:   8%|▊         | 288/3676 [00:50<08:48,  6.41it/s]
Running loglikelihood requests:   8%|▊         | 289/3676 [00:50<08:48,  6.41it/s]
Running loglikelihood requests:   8%|▊         | 290/3676 [00:50<08:47,  6.41it/s]
Running loglikelihood requests:   8%|▊         | 291/3676 [00:50<08:47,  6.41it/s]
Running loglikelihood requests:   8%|▊         | 292/3676 [00:50<08:47,  6.41it/s]
Running loglikelihood requests:   8%|▊         | 293/3676 [00:50<08:47,  6.41it/s]
Running loglikelihood requests:   8%|▊         | 294/3676 [00:50<08:47,  6.41it/s]
Running loglikelihood requests:   8%|▊         | 295/3676 [00:51<08:47,  6.41it/s]
Running loglikelihood requests:   8%|▊         | 296/3676 [00:51<08:47,  6.41it/s]
Running loglikelihood requests:   8%|▊         | 297/3676 [00:51<08:46,  6.41it/s]
Running loglikelihood requests:   8%|▊         | 298/3676 [00:51<08:46,  6.41it/s]
Running loglikelihood requests:   8%|▊         | 299/3676 [00:51<08:46,  6.41it/s]
Running loglikelihood requests:   8%|▊         | 300/3676 [00:51<08:46,  6.41it/s]
Running loglikelihood requests:   8%|▊         | 301/3676 [00:52<08:46,  6.41it/s]
Running loglikelihood requests:   8%|▊         | 302/3676 [00:52<08:46,  6.41it/s]
Running loglikelihood requests:   8%|▊         | 303/3676 [00:52<08:45,  6.41it/s]
Running loglikelihood requests:   8%|▊         | 304/3676 [00:52<08:45,  6.41it/s]
Running loglikelihood requests:   8%|▊         | 305/3676 [00:52<08:45,  6.41it/s]
Running loglikelihood requests:   8%|▊         | 306/3676 [00:52<08:45,  6.41it/s]
Running loglikelihood requests:   8%|▊         | 307/3676 [00:52<08:45,  6.41it/s]
Running loglikelihood requests:   8%|▊         | 308/3676 [00:53<08:45,  6.41it/s]
Running loglikelihood requests:   8%|▊         | 309/3676 [00:53<08:45,  6.41it/s]
Running loglikelihood requests:   8%|▊         | 310/3676 [00:53<08:45,  6.41it/s]
Running loglikelihood requests:   8%|▊         | 311/3676 [00:53<08:44,  6.41it/s]
Running loglikelihood requests:   8%|▊         | 312/3676 [00:53<08:44,  6.41it/s]
Running loglikelihood requests:   9%|▊         | 313/3676 [00:53<08:44,  6.41it/s]
Running loglikelihood requests:   9%|▊         | 314/3676 [00:54<08:44,  6.41it/s]
Running loglikelihood requests:   9%|▊         | 315/3676 [00:54<08:44,  6.41it/s]
Running loglikelihood requests:   9%|▊         | 316/3676 [00:54<08:44,  6.41it/s]
Running loglikelihood requests:   9%|▊         | 317/3676 [00:54<08:45,  6.40it/s]
Running loglikelihood requests:   9%|▊         | 318/3676 [00:54<08:45,  6.39it/s]
Running loglikelihood requests:   9%|▊         | 319/3676 [00:54<08:45,  6.38it/s]
Running loglikelihood requests:   9%|▊         | 320/3676 [00:55<08:45,  6.38it/s]
Running loglikelihood requests:   9%|▊         | 321/3676 [00:55<08:46,  6.38it/s]
Running loglikelihood requests:   9%|▉         | 322/3676 [00:55<08:46,  6.37it/s]
Running loglikelihood requests:   9%|▉         | 323/3676 [00:55<08:46,  6.37it/s]
Running loglikelihood requests:   9%|▉         | 324/3676 [00:55<08:45,  6.37it/s]
Running loglikelihood requests:   9%|▉         | 325/3676 [00:55<08:43,  6.40it/s]
Running loglikelihood requests:   9%|▉         | 326/3676 [00:55<08:42,  6.42it/s]
Running loglikelihood requests:   9%|▉         | 327/3676 [00:56<08:40,  6.43it/s]
Running loglikelihood requests:   9%|▉         | 328/3676 [00:56<08:39,  6.44it/s]
Running loglikelihood requests:   9%|▉         | 329/3676 [00:56<08:39,  6.44it/s]
Running loglikelihood requests:   9%|▉         | 330/3676 [00:56<08:38,  6.45it/s]
Running loglikelihood requests:   9%|▉         | 331/3676 [00:56<08:38,  6.45it/s]
Running loglikelihood requests:   9%|▉         | 332/3676 [00:56<08:38,  6.45it/s]
Running loglikelihood requests:   9%|▉         | 333/3676 [00:57<08:37,  6.46it/s]
Running loglikelihood requests:   9%|▉         | 334/3676 [00:57<08:37,  6.46it/s]
Running loglikelihood requests:   9%|▉         | 335/3676 [00:57<08:37,  6.46it/s]
Running loglikelihood requests:   9%|▉         | 336/3676 [00:57<08:37,  6.46it/s]
Running loglikelihood requests:   9%|▉         | 337/3676 [00:57<08:36,  6.46it/s]
Running loglikelihood requests:   9%|▉         | 338/3676 [00:57<08:37,  6.45it/s]
Running loglikelihood requests:   9%|▉         | 339/3676 [00:57<08:37,  6.45it/s]
Running loglikelihood requests:   9%|▉         | 340/3676 [00:58<08:36,  6.45it/s]
Running loglikelihood requests:   9%|▉         | 341/3676 [00:58<08:36,  6.45it/s]
Running loglikelihood requests:   9%|▉         | 342/3676 [00:58<08:36,  6.46it/s]
Running loglikelihood requests:   9%|▉         | 343/3676 [00:58<08:37,  6.44it/s]
Running loglikelihood requests:   9%|▉         | 344/3676 [00:58<08:37,  6.44it/s]
Running loglikelihood requests:   9%|▉         | 345/3676 [00:58<08:36,  6.45it/s]
Running loglikelihood requests:   9%|▉         | 346/3676 [00:59<08:36,  6.45it/s]
Running loglikelihood requests:   9%|▉         | 347/3676 [00:59<08:35,  6.46it/s]
Running loglikelihood requests:   9%|▉         | 348/3676 [00:59<08:35,  6.46it/s]
Running loglikelihood requests:   9%|▉         | 349/3676 [00:59<08:35,  6.46it/s]
Running loglikelihood requests:  10%|▉         | 350/3676 [00:59<08:34,  6.46it/s]
Running loglikelihood requests:  10%|▉         | 351/3676 [00:59<08:34,  6.46it/s]
Running loglikelihood requests:  10%|▉         | 352/3676 [00:59<08:34,  6.46it/s]
Running loglikelihood requests:  10%|▉         | 353/3676 [01:00<08:34,  6.46it/s]
Running loglikelihood requests:  10%|▉         | 354/3676 [01:00<08:34,  6.46it/s]
Running loglikelihood requests:  10%|▉         | 355/3676 [01:00<08:34,  6.46it/s]
Running loglikelihood requests:  10%|▉         | 356/3676 [01:00<08:33,  6.46it/s]
Running loglikelihood requests:  10%|▉         | 357/3676 [01:00<08:33,  6.46it/s]
Running loglikelihood requests:  10%|▉         | 358/3676 [01:00<08:33,  6.46it/s]
Running loglikelihood requests:  10%|▉         | 359/3676 [01:01<08:33,  6.46it/s]
Running loglikelihood requests:  10%|▉         | 360/3676 [01:01<08:32,  6.46it/s]
Running loglikelihood requests:  10%|▉         | 361/3676 [01:01<08:32,  6.46it/s]
Running loglikelihood requests:  10%|▉         | 362/3676 [01:01<08:32,  6.46it/s]
Running loglikelihood requests:  10%|▉         | 363/3676 [01:01<08:32,  6.46it/s]
Running loglikelihood requests:  10%|▉         | 364/3676 [01:01<08:32,  6.46it/s]
Running loglikelihood requests:  10%|▉         | 365/3676 [01:01<08:32,  6.46it/s]
Running loglikelihood requests:  10%|▉         | 366/3676 [01:02<08:32,  6.46it/s]
Running loglikelihood requests:  10%|▉         | 367/3676 [01:02<08:33,  6.45it/s]
Running loglikelihood requests:  10%|█         | 368/3676 [01:02<08:33,  6.44it/s]
Running loglikelihood requests:  10%|█         | 369/3676 [01:02<08:34,  6.43it/s]
Running loglikelihood requests:  10%|█         | 370/3676 [01:02<08:34,  6.43it/s]
Running loglikelihood requests:  10%|█         | 371/3676 [01:02<08:33,  6.44it/s]
Running loglikelihood requests:  10%|█         | 372/3676 [01:03<08:32,  6.45it/s]
Running loglikelihood requests:  10%|█         | 373/3676 [01:03<08:32,  6.45it/s]
Running loglikelihood requests:  10%|█         | 374/3676 [01:03<08:31,  6.45it/s]
Running loglikelihood requests:  10%|█         | 375/3676 [01:03<08:31,  6.46it/s]
Running loglikelihood requests:  10%|█         | 376/3676 [01:03<08:31,  6.46it/s]
Running loglikelihood requests:  10%|█         | 377/3676 [01:03<08:30,  6.46it/s]
Running loglikelihood requests:  10%|█         | 378/3676 [01:04<08:30,  6.46it/s]
Running loglikelihood requests:  10%|█         | 379/3676 [01:04<08:30,  6.46it/s]
Running loglikelihood requests:  10%|█         | 380/3676 [01:04<08:30,  6.45it/s]
Running loglikelihood requests:  10%|█         | 381/3676 [01:04<08:30,  6.46it/s]
Running loglikelihood requests:  10%|█         | 382/3676 [01:04<08:30,  6.46it/s]
Running loglikelihood requests:  10%|█         | 383/3676 [01:04<08:30,  6.46it/s]
Running loglikelihood requests:  10%|█         | 384/3676 [01:04<08:29,  6.46it/s]
Running loglikelihood requests:  10%|█         | 385/3676 [01:05<08:29,  6.46it/s]
Running loglikelihood requests:  11%|█         | 386/3676 [01:05<08:29,  6.46it/s]
Running loglikelihood requests:  11%|█         | 387/3676 [01:05<08:29,  6.46it/s]
Running loglikelihood requests:  11%|█         | 388/3676 [01:05<08:28,  6.46it/s]
Running loglikelihood requests:  11%|█         | 389/3676 [01:05<08:28,  6.46it/s]
Running loglikelihood requests:  11%|█         | 390/3676 [01:05<08:28,  6.46it/s]
Running loglikelihood requests:  11%|█         | 391/3676 [01:06<08:28,  6.46it/s]
Running loglikelihood requests:  11%|█         | 392/3676 [01:06<08:28,  6.46it/s]
Running loglikelihood requests:  11%|█         | 393/3676 [01:06<08:28,  6.46it/s]
Running loglikelihood requests:  11%|█         | 394/3676 [01:06<08:27,  6.46it/s]
Running loglikelihood requests:  11%|█         | 395/3676 [01:06<08:27,  6.46it/s]
Running loglikelihood requests:  11%|█         | 396/3676 [01:06<08:27,  6.46it/s]
Running loglikelihood requests:  11%|█         | 397/3676 [01:06<08:27,  6.46it/s]